Fri Jul 12 06:20:14.017 [DataFileSync] flushing diag log
Fri Jul 12 06:20:14.017 [initandlisten] MongoDB starting : pid=1488 port=27017 dbpath=../data 64-bit host=AAECNBJ000245W
Fri Jul 12 06:20:14.017 [initandlisten] db version v2.4.5
Fri Jul 12 06:20:14.017 [initandlisten] git version: a2ddc68ba7c9cee17bfe69ed840383ec3506602b
Fri Jul 12 06:20:14.017 [initandlisten] build info: windows sys.getwindowsversion(major=6, minor=1, build=7601, platform=2, service_pack='Service Pack 1') BOOST_LIB_VERSION=1_49
Fri Jul 12 06:20:14.017 [initandlisten] allocator: system
Fri Jul 12 06:20:14.017 [initandlisten] options: { config: "../conf/mongo.conf", dbpath: "../data", diaglog: 3, logpath: "../logs/mongo.log" }
Fri Jul 12 06:20:14.027 [initandlisten] journal dir=../data\journal
Fri Jul 12 06:20:14.027 [initandlisten] recover : no journal files present, no recovery needed
Fri Jul 12 06:20:14.287 [FileAllocator] allocating new datafile ../data\local.ns, filling with zeroes...
Fri Jul 12 06:20:14.287 [FileAllocator] creating directory ../data\_tmp
Fri Jul 12 06:20:14.357 [FileAllocator] done allocating datafile ../data\local.ns, size: 16MB,  took 0.066 secs
Fri Jul 12 06:20:14.357 [FileAllocator] allocating new datafile ../data\local.0, filling with zeroes...
Fri Jul 12 06:20:14.507 [FileAllocator] done allocating datafile ../data\local.0, size: 64MB,  took 0.147 secs
Fri Jul 12 06:20:14.507 [initandlisten] command local.$cmd command: { create: "startup_log", size: 10485760, capped: true } ntoreturn:1 keyUpdates:0  reslen:37 217ms
Fri Jul 12 06:20:14.507 [initandlisten] waiting for connections on port 27017
Fri Jul 12 06:20:14.607 [websvr] admin web console waiting for connections on port 28017
Fri Jul 12 06:20:15.707 Ctrl-C signal
Fri Jul 12 06:20:15.707 [consoleTerminate] got CTRL_C_EVENT, will terminate after current cmd ends
Fri Jul 12 06:20:15.707 [consoleTerminate] now exiting
Fri Jul 12 06:20:15.707 dbexit: 
Fri Jul 12 06:20:15.707 [consoleTerminate] shutdown: going to close listening sockets...
Fri Jul 12 06:20:15.707 [consoleTerminate] closing listening socket: 588
Fri Jul 12 06:20:15.717 [consoleTerminate] closing listening socket: 600
Fri Jul 12 06:20:15.717 [consoleTerminate] shutdown: going to flush diaglog...
Fri Jul 12 06:20:15.717 [consoleTerminate] flushing diag log
Fri Jul 12 06:20:15.717 [consoleTerminate] shutdown: going to close sockets...
Fri Jul 12 06:20:15.717 [consoleTerminate] shutdown: waiting for fs preallocator...
Fri Jul 12 06:20:15.717 [consoleTerminate] shutdown: lock for final commit...
Fri Jul 12 06:20:15.717 [consoleTerminate] shutdown: final commit...
Fri Jul 12 06:20:16.977 [consoleTerminate] shutdown: closing all files...
Fri Jul 12 06:20:16.977 [consoleTerminate] closeAllFiles() finished
Fri Jul 12 06:20:16.977 [consoleTerminate] journalCleanup...
Fri Jul 12 06:20:16.977 [consoleTerminate] removeJournalFiles
Fri Jul 12 06:20:16.977 [consoleTerminate] shutdown: removing fs lock...
Fri Jul 12 06:20:16.977 dbexit: really exiting now
